Flutter crash report; please file at https://github.com/flutter/flutter/issues.

## command

flutter test --machine --start-paused test/widget_test.dart

## exception

NoSuchMethodError: NoSuchMethodError: The method 'shutdown' was called on null.
Receiver: null
Tried calling: shutdown()

```
#0      Object.noSuchMethod (dart:core-patch/dart:core/object_patch.dart:46)
#1      _Compiler.shutdown (package:flutter_tools/src/test/flutter_platform.dart:288)
<asynchronous suspension>
#2      _FlutterPlatform.close (package:flutter_tools/src/test/flutter_platform.dart:745)
<asynchronous suspension>
#3      Loader.close.<anonymous closure>.<anonymous closure> (package:test/src/runner/loader.dart:306)
<asynchronous suspension>
#4      MappedIterator.moveNext (dart:_internal/iterable.dart:392)
#5      Future.wait (dart:async/future.dart:385)
#6      Loader.close.<anonymous closure> (package:test/src/runner/loader.dart:304)
<asynchronous suspension>
#7      new Future.sync (dart:async/future.dart:222)
#8      AsyncMemoizer.runOnce (package:async/src/async_memoizer.dart:43)
#9      Loader.close (package:test/src/runner/loader.dart:302)
#10     Runner.close.<anonymous closure> (package:test/src/runner.dart:226)
<asynchronous suspension>
#11     new Future.sync (dart:async/future.dart:222)
#12     AsyncMemoizer.runOnce (package:async/src/async_memoizer.dart:43)
#13     Runner.close (package:test/src/runner.dart:198)
#14     main.close (package:test/src/executable.dart:165)
<asynchronous suspension>
#15     main (package:test/src/executable.dart:190)
<asynchronous suspension>
#16     runTests (package:flutter_tools/src/test/runner.dart:109)
<asynchronous suspension>
#17     TestCommand.runCommand (package:flutter_tools/src/commands/test.dart:151)
<asynchronous suspension>
#18     FlutterCommand.verifyThenRunCommand (package:flutter_tools/src/runner/flutter_command.dart:347)
#19     _asyncThenWrapperHelper.<anonymous closure> (dart:async-patch/dart:async/async_patch.dart:77)
#20     _rootRunUnary (dart:async/zone.dart:1134)
#21     _CustomZone.runUnary (dart:async/zone.dart:1031)
#22     _FutureListener.handleValue (dart:async/future_impl.dart:129)
#23     Future._propagateToListeners.handleValueCallback (dart:async/future_impl.dart:638)
#24     Future._propagateToListeners (dart:async/future_impl.dart:667)
#25     Future._complete (dart:async/future_impl.dart:472)
#26     _SyncCompleter.complete (dart:async/future_impl.dart:51)
#27     _AsyncAwaitCompleter.complete.<anonymous closure> (dart:async-patch/dart:async/async_patch.dart:33)
#28     _rootRun (dart:async/zone.dart:1126)
#29     _CustomZone.run (dart:async/zone.dart:1023)
#30     _CustomZone.bindCallback.<anonymous closure> (dart:async/zone.dart:949)
#31     _microtaskLoop (dart:async/schedule_microtask.dart:41)
#32     _startMicrotaskLoop (dart:async/schedule_microtask.dart:50)
#33     _runPendingImmediateCallback (dart:isolate-patch/dart:isolate/isolate_patch.dart:113)
#34     _RawReceivePortImpl._handleMessage (dart:isolate-patch/dart:isolate/isolate_patch.dart:166)
```

## flutter doctor

```
[✓] Flutter (Channel dev, v0.5.7, on Mac OS X 10.13.6 17G65, locale zh-Hans-CN)
    • Flutter version 0.5.7 at /Users/huweijie/Documents/flutter
    • Framework revision 66091f9696 (3 weeks ago), 2018-07-09 12:52:41 -0700
    • Engine revision 6fe748490d
    • Dart version 2.0.0-dev.63.0.flutter-4c9689c1d2

[✓] Android toolchain - develop for Android devices (Android SDK 27.0.3)
    • Android SDK at /Users/huweijie/Library/Android/sdk
    • Android NDK at /Users/huweijie/Library/Android/sdk/ndk-bundle
    • Platform android-27, build-tools 27.0.3
    • ANDROID_HOME = /Users/huweijie/Library/Android/sdk
    • Java binary at: /Applications/Android Studio.app/Contents/jre/jdk/Contents/Home/bin/java
    • Java version OpenJDK Runtime Environment (build 1.8.0_152-release-1024-b01)
    • All Android licenses accepted.

[!] iOS toolchain - develop for iOS devices
    ✗ Xcode installation is incomplete; a full installation is necessary for iOS development.
      Download at: https://developer.apple.com/xcode/download/
      Or install Xcode via the App Store.
      Once installed, run:
        sudo xcode-select --switch /Applications/Xcode.app/Contents/Developer
    ✗ libimobiledevice and ideviceinstaller are not installed. To install, run:
        brew install --HEAD libimobiledevice
        brew install ideviceinstaller
    ✗ ios-deploy not installed. To install:
        brew install ios-deploy
    ✗ CocoaPods not installed.
        CocoaPods is used to retrieve the iOS platform side's plugin code that responds to your plugin usage on the Dart side.
        Without resolving iOS dependencies with CocoaPods, plugins will not work on iOS.
        For more info, see https://flutter.io/platform-plugins
      To install:
        brew install cocoapods
        pod setup

[✓] Android Studio (version 3.1)
    • Android Studio at /Applications/Android Studio.app/Contents
    • Flutter plugin version 26.0.1
    • Dart plugin version 173.4700
    • Java version OpenJDK Runtime Environment (build 1.8.0_152-release-1024-b01)

[✓] VS Code (version 1.25.1)
    • VS Code at /Applications/Visual Studio Code.app/Contents
    • Flutter extension version 2.16.0

[✓] Connected devices (1 available)
    • Nexus 6P • ENU7N15A27002672 • android-arm64 • Android 8.1.0 (API 27)

! Doctor found issues in 1 category.
```
